2018-02-28 23:08:07 [scrapy.utils.log] INFO: Scrapy 1.5.0 started (bot: Meituan)
2018-02-28 23:08:07 [scrapy.utils.log] INFO: Versions: lxml 3.8.0.0, libxml2 2.9.4, cssselect 1.0.1, parsel 1.2.0, w3lib 1.17.0, Twisted 17.5.0, Python 3.6.2 |Continuum Analytics, Inc.| (default, Jul 20 2017, 12:30:02) [MSC v.1900 64 bit (AMD64)], pyOpenSSL 17.0.0 (OpenSSL 1.0.2l  25 May 2017), cryptography 1.8.1, Platform Windows-10-10.0.15063-SP0
2018-02-28 23:08:07 [scrapy.crawler] INFO: Overridden settings: {'BOT_NAME': 'Meituan', 'DOWNLOAD_DELAY': 1, 'DUPEFILTER_CLASS': 'scrapy_redis.dupefilter.RFPDupeFilter', 'LOG_FILE': 'meituan.log', 'LOG_LEVEL': 'INFO', 'NEWSPIDER_MODULE': 'Meituan.spiders', 'SCHEDULER': 'scrapy_redis.scheduler.Scheduler', 'SPIDER_MODULES': ['Meituan.spiders'], 'USER_AGENT': 'Mozilla/5.0 (WindowsNT 10.0; Win64; x64) AppleWebKit/537.36 (KHTML, likeGecko) Chrome/52.0.2743.116 Safari/537.36 Edge/15.15063'}
2018-02-28 23:08:07 [scrapy.middleware] INFO: Enabled extensions:
['scrapy.extensions.corestats.CoreStats',
 'scrapy.extensions.telnet.TelnetConsole',
 'scrapy.extensions.logstats.LogStats']
2018-02-28 23:08:07 [meituan] INFO: Reading start URLs from redis key 'meituan:start_urls' (batch size: 16, encoding: utf-8
2018-02-28 23:08:08 [scrapy.middleware] INFO: Enabled downloader middlewares:
['scrapy.downloadermiddlewares.httpauth.HttpAuthMiddleware',
 'scrapy.downloadermiddlewares.downloadtimeout.DownloadTimeoutMiddleware',
 'scrapy.downloadermiddlewares.defaultheaders.DefaultHeadersMiddleware',
 'scrapy.downloadermiddlewares.useragent.UserAgentMiddleware',
 'scrapy.downloadermiddlewares.retry.RetryMiddleware',
 'scrapy.downloadermiddlewares.redirect.MetaRefreshMiddleware',
 'scrapy.downloadermiddlewares.httpcompression.HttpCompressionMiddleware',
 'scrapy.downloadermiddlewares.redirect.RedirectMiddleware',
 'scrapy.downloadermiddlewares.cookies.CookiesMiddleware',
 'scrapy.downloadermiddlewares.httpproxy.HttpProxyMiddleware',
 'scrapy.downloadermiddlewares.stats.DownloaderStats']
2018-02-28 23:08:08 [scrapy.middleware] INFO: Enabled spider middlewares:
['scrapy.spidermiddlewares.httperror.HttpErrorMiddleware',
 'scrapy.spidermiddlewares.offsite.OffsiteMiddleware',
 'scrapy.spidermiddlewares.referer.RefererMiddleware',
 'scrapy.spidermiddlewares.urllength.UrlLengthMiddleware',
 'scrapy.spidermiddlewares.depth.DepthMiddleware']
2018-02-28 23:08:08 [scrapy.middleware] INFO: Enabled item pipelines:
['scrapy_redis.pipelines.RedisPipeline']
2018-02-28 23:08:08 [scrapy.core.engine] INFO: Spider opened
2018-02-28 23:08:08 [scrapy.extensions.logstats] INFO: Crawled 0 pages (at 0 pages/min), scraped 0 items (at 0 items/min)
2018-02-28 23:08:45 [scrapy.crawler] INFO: Received SIGINT, shutting down gracefully. Send again to force 
2018-02-28 23:08:46 [scrapy.crawler] INFO: Received SIGINT twice, forcing unclean shutdown
2018-02-28 23:09:03 [scrapy.core.engine] INFO: Closing spider (shutdown)
2018-02-28 23:49:04 [scrapy.utils.log] INFO: Scrapy 1.5.0 started (bot: Meituan)
2018-02-28 23:49:04 [scrapy.utils.log] INFO: Versions: lxml 3.8.0.0, libxml2 2.9.4, cssselect 1.0.1, parsel 1.2.0, w3lib 1.17.0, Twisted 17.5.0, Python 3.6.2 |Continuum Analytics, Inc.| (default, Jul 20 2017, 12:30:02) [MSC v.1900 64 bit (AMD64)], pyOpenSSL 17.0.0 (OpenSSL 1.0.2l  25 May 2017), cryptography 1.8.1, Platform Windows-10-10.0.15063-SP0
2018-02-28 23:49:04 [scrapy.crawler] INFO: Overridden settings: {'BOT_NAME': 'Meituan', 'DOWNLOAD_DELAY': 1, 'DUPEFILTER_CLASS': 'scrapy_redis.dupefilter.RFPDupeFilter', 'LOG_FILE': 'meituan.log', 'LOG_LEVEL': 'INFO', 'NEWSPIDER_MODULE': 'Meituan.spiders', 'SCHEDULER': 'scrapy_redis.scheduler.Scheduler', 'SPIDER_MODULES': ['Meituan.spiders'], 'USER_AGENT': 'Mozilla/5.0 (WindowsNT 10.0; Win64; x64) AppleWebKit/537.36 (KHTML, likeGecko) Chrome/52.0.2743.116 Safari/537.36 Edge/15.15063'}
2018-02-28 23:49:04 [scrapy.middleware] INFO: Enabled extensions:
['scrapy.extensions.corestats.CoreStats',
 'scrapy.extensions.telnet.TelnetConsole',
 'scrapy.extensions.logstats.LogStats']
2018-02-28 23:49:04 [meituan] INFO: Reading start URLs from redis key 'meituan:start_urls' (batch size: 16, encoding: utf-8
2018-02-28 23:49:05 [scrapy.middleware] INFO: Enabled downloader middlewares:
['scrapy.downloadermiddlewares.httpauth.HttpAuthMiddleware',
 'scrapy.downloadermiddlewares.downloadtimeout.DownloadTimeoutMiddleware',
 'scrapy.downloadermiddlewares.defaultheaders.DefaultHeadersMiddleware',
 'scrapy.downloadermiddlewares.useragent.UserAgentMiddleware',
 'scrapy.downloadermiddlewares.retry.RetryMiddleware',
 'scrapy.downloadermiddlewares.redirect.MetaRefreshMiddleware',
 'scrapy.downloadermiddlewares.httpcompression.HttpCompressionMiddleware',
 'scrapy.downloadermiddlewares.redirect.RedirectMiddleware',
 'scrapy.downloadermiddlewares.cookies.CookiesMiddleware',
 'scrapy.downloadermiddlewares.httpproxy.HttpProxyMiddleware',
 'scrapy.downloadermiddlewares.stats.DownloaderStats']
2018-02-28 23:49:05 [scrapy.middleware] INFO: Enabled spider middlewares:
['scrapy.spidermiddlewares.httperror.HttpErrorMiddleware',
 'scrapy.spidermiddlewares.offsite.OffsiteMiddleware',
 'scrapy.spidermiddlewares.referer.RefererMiddleware',
 'scrapy.spidermiddlewares.urllength.UrlLengthMiddleware',
 'scrapy.spidermiddlewares.depth.DepthMiddleware']
2018-02-28 23:49:05 [scrapy.middleware] INFO: Enabled item pipelines:
['scrapy_redis.pipelines.RedisPipeline']
2018-02-28 23:49:05 [scrapy.core.engine] INFO: Spider opened
2018-02-28 23:49:05 [scrapy.extensions.logstats] INFO: Crawled 0 pages (at 0 pages/min), scraped 0 items (at 0 items/min)
2018-02-28 23:49:37 [scrapy.crawler] INFO: Received SIGINT, shutting down gracefully. Send again to force 
2018-02-28 23:49:37 [scrapy.crawler] INFO: Received SIGINT twice, forcing unclean shutdown
2018-02-28 23:50:07 [scrapy.core.engine] INFO: Closing spider (shutdown)
2018-02-28 23:50:07 [scrapy.extensions.logstats] INFO: Crawled 2 pages (at 2 pages/min), scraped 0 items (at 0 items/min)
2018-02-28 23:50:54 [scrapy.utils.log] INFO: Scrapy 1.5.0 started (bot: Meituan)
2018-02-28 23:50:54 [scrapy.utils.log] INFO: Versions: lxml 3.8.0.0, libxml2 2.9.4, cssselect 1.0.1, parsel 1.2.0, w3lib 1.17.0, Twisted 17.5.0, Python 3.6.2 |Continuum Analytics, Inc.| (default, Jul 20 2017, 12:30:02) [MSC v.1900 64 bit (AMD64)], pyOpenSSL 17.0.0 (OpenSSL 1.0.2l  25 May 2017), cryptography 1.8.1, Platform Windows-10-10.0.15063-SP0
2018-02-28 23:50:54 [scrapy.crawler] INFO: Overridden settings: {'BOT_NAME': 'Meituan', 'DOWNLOAD_DELAY': 1, 'DUPEFILTER_CLASS': 'scrapy_redis.dupefilter.RFPDupeFilter', 'LOG_FILE': 'meituan.log', 'LOG_LEVEL': 'INFO', 'NEWSPIDER_MODULE': 'Meituan.spiders', 'SCHEDULER': 'scrapy_redis.scheduler.Scheduler', 'SPIDER_MODULES': ['Meituan.spiders'], 'USER_AGENT': 'Mozilla/5.0 (WindowsNT 10.0; Win64; x64) AppleWebKit/537.36 (KHTML, likeGecko) Chrome/52.0.2743.116 Safari/537.36 Edge/15.15063'}
2018-02-28 23:50:54 [scrapy.middleware] INFO: Enabled extensions:
['scrapy.extensions.corestats.CoreStats',
 'scrapy.extensions.telnet.TelnetConsole',
 'scrapy.extensions.logstats.LogStats']
2018-02-28 23:50:54 [meituan] INFO: Reading start URLs from redis key 'meituan:start_urls' (batch size: 16, encoding: utf-8
2018-02-28 23:50:54 [scrapy.middleware] INFO: Enabled downloader middlewares:
['scrapy.downloadermiddlewares.httpauth.HttpAuthMiddleware',
 'scrapy.downloadermiddlewares.downloadtimeout.DownloadTimeoutMiddleware',
 'scrapy.downloadermiddlewares.defaultheaders.DefaultHeadersMiddleware',
 'scrapy.downloadermiddlewares.useragent.UserAgentMiddleware',
 'scrapy.downloadermiddlewares.retry.RetryMiddleware',
 'scrapy.downloadermiddlewares.redirect.MetaRefreshMiddleware',
 'scrapy.downloadermiddlewares.httpcompression.HttpCompressionMiddleware',
 'scrapy.downloadermiddlewares.redirect.RedirectMiddleware',
 'scrapy.downloadermiddlewares.cookies.CookiesMiddleware',
 'scrapy.downloadermiddlewares.httpproxy.HttpProxyMiddleware',
 'scrapy.downloadermiddlewares.stats.DownloaderStats']
2018-02-28 23:50:54 [scrapy.middleware] INFO: Enabled spider middlewares:
['scrapy.spidermiddlewares.httperror.HttpErrorMiddleware',
 'scrapy.spidermiddlewares.offsite.OffsiteMiddleware',
 'scrapy.spidermiddlewares.referer.RefererMiddleware',
 'scrapy.spidermiddlewares.urllength.UrlLengthMiddleware',
 'scrapy.spidermiddlewares.depth.DepthMiddleware']
2018-02-28 23:50:54 [scrapy.middleware] INFO: Enabled item pipelines:
['scrapy_redis.pipelines.RedisPipeline']
2018-02-28 23:50:54 [scrapy.core.engine] INFO: Spider opened
2018-02-28 23:50:54 [scrapy.extensions.logstats] INFO: Crawled 0 pages (at 0 pages/min), scraped 0 items (at 0 items/min)
2018-02-28 23:51:09 [scrapy.crawler] INFO: Received SIGINT, shutting down gracefully. Send again to force 
2018-02-28 23:51:09 [scrapy.core.engine] INFO: Closing spider (shutdown)
2018-02-28 23:51:09 [scrapy.crawler] INFO: Received SIGINT twice, forcing unclean shutdown
2018-02-28 23:51:40 [scrapy.utils.log] INFO: Scrapy 1.5.0 started (bot: Meituan)
2018-02-28 23:51:40 [scrapy.utils.log] INFO: Versions: lxml 3.8.0.0, libxml2 2.9.4, cssselect 1.0.1, parsel 1.2.0, w3lib 1.17.0, Twisted 17.5.0, Python 3.6.2 |Continuum Analytics, Inc.| (default, Jul 20 2017, 12:30:02) [MSC v.1900 64 bit (AMD64)], pyOpenSSL 17.0.0 (OpenSSL 1.0.2l  25 May 2017), cryptography 1.8.1, Platform Windows-10-10.0.15063-SP0
2018-02-28 23:51:40 [scrapy.crawler] INFO: Overridden settings: {'BOT_NAME': 'Meituan', 'DOWNLOAD_DELAY': 1, 'DUPEFILTER_CLASS': 'scrapy_redis.dupefilter.RFPDupeFilter', 'LOG_FILE': 'meituan.log', 'LOG_LEVEL': 'INFO', 'NEWSPIDER_MODULE': 'Meituan.spiders', 'SCHEDULER': 'scrapy_redis.scheduler.Scheduler', 'SPIDER_MODULES': ['Meituan.spiders'], 'USER_AGENT': 'Mozilla/5.0 (WindowsNT 10.0; Win64; x64) AppleWebKit/537.36 (KHTML, likeGecko) Chrome/52.0.2743.116 Safari/537.36 Edge/15.15063'}
2018-02-28 23:51:40 [scrapy.middleware] INFO: Enabled extensions:
['scrapy.extensions.corestats.CoreStats',
 'scrapy.extensions.telnet.TelnetConsole',
 'scrapy.extensions.logstats.LogStats']
2018-02-28 23:51:40 [meituan] INFO: Reading start URLs from redis key 'meituan:start_urls' (batch size: 16, encoding: utf-8
2018-02-28 23:51:40 [scrapy.middleware] INFO: Enabled downloader middlewares:
['scrapy.downloadermiddlewares.httpauth.HttpAuthMiddleware',
 'scrapy.downloadermiddlewares.downloadtimeout.DownloadTimeoutMiddleware',
 'scrapy.downloadermiddlewares.defaultheaders.DefaultHeadersMiddleware',
 'scrapy.downloadermiddlewares.useragent.UserAgentMiddleware',
 'scrapy.downloadermiddlewares.retry.RetryMiddleware',
 'scrapy.downloadermiddlewares.redirect.MetaRefreshMiddleware',
 'scrapy.downloadermiddlewares.httpcompression.HttpCompressionMiddleware',
 'scrapy.downloadermiddlewares.redirect.RedirectMiddleware',
 'scrapy.downloadermiddlewares.cookies.CookiesMiddleware',
 'scrapy.downloadermiddlewares.httpproxy.HttpProxyMiddleware',
 'scrapy.downloadermiddlewares.stats.DownloaderStats']
2018-02-28 23:51:40 [scrapy.middleware] INFO: Enabled spider middlewares:
['scrapy.spidermiddlewares.httperror.HttpErrorMiddleware',
 'scrapy.spidermiddlewares.offsite.OffsiteMiddleware',
 'scrapy.spidermiddlewares.referer.RefererMiddleware',
 'scrapy.spidermiddlewares.urllength.UrlLengthMiddleware',
 'scrapy.spidermiddlewares.depth.DepthMiddleware']
2018-02-28 23:51:40 [scrapy.middleware] INFO: Enabled item pipelines:
['scrapy_redis.pipelines.RedisPipeline']
2018-02-28 23:51:40 [scrapy.core.engine] INFO: Spider opened
2018-02-28 23:51:40 [scrapy.extensions.logstats] INFO: Crawled 0 pages (at 0 pages/min), scraped 0 items (at 0 items/min)
2018-02-28 23:52:49 [scrapy.extensions.logstats] INFO: Crawled 3 pages (at 3 pages/min), scraped 2 items (at 2 items/min)
2018-02-28 23:53:40 [scrapy.crawler] INFO: Received SIGINT, shutting down gracefully. Send again to force 
2018-02-28 23:53:40 [scrapy.core.engine] INFO: Closing spider (shutdown)
2018-02-28 23:53:40 [scrapy.statscollectors] INFO: Dumping Scrapy stats:
{'downloader/request_bytes': 2726,
 'downloader/request_count': 7,
 'downloader/request_method_count/GET': 7,
 'downloader/response_bytes': 70917,
 'downloader/response_count': 7,
 'downloader/response_status_count/200': 4,
 'downloader/response_status_count/301': 3,
 'finish_reason': 'shutdown',
 'finish_time': datetime.datetime(2018, 2, 28, 15, 53, 40, 366274),
 'item_scraped_count': 4,
 'log_count/INFO': 10,
 'response_received_count': 4,
 'scheduler/dequeued/redis': 7,
 'scheduler/enqueued/redis': 3,
 'start_time': datetime.datetime(2018, 2, 28, 15, 51, 40, 856703)}
2018-02-28 23:53:40 [scrapy.core.engine] INFO: Spider closed (shutdown)
